<?xml version="1.0" encoding="UTF-8"?>
<!-- Generated by org.testng.reporters.JUnitReportReporter -->
<testsuite hostname="LAPTOP-DP2HDC81" failures="0" tests="1" name="com.ebanking.testCases.loginTest" time="10.802" errors="0" timestamp="2021-06-23T18:01:46 IST" skipped="0">
  <testcase classname="com.ebanking.testCases.loginTest" name="LoginTest" time="10.802"/>
  <system-out/>
</testsuite> <!-- com.ebanking.testCases.loginTest -->
